[2016-07-10 01:00:55.717] [INFO] console - 正在写入第75条数据，共有240条...
[2016-07-10 01:00:55.794] [INFO] console - 正在写入第76条数据，共有240条...
[2016-07-10 01:00:55.870] [INFO] console - 正在写入第77条数据，共有240条...
[2016-07-10 01:00:55.947] [INFO] console - 正在写入第78条数据，共有240条...
[2016-07-10 01:00:56.026] [INFO] console - 正在写入第79条数据，共有240条...
[2016-07-10 01:00:56.103] [INFO] console - 正在写入第80条数据，共有240条...
[2016-07-10 01:00:56.182] [INFO] console - 正在写入第81条数据，共有240条...
[2016-07-10 01:00:56.262] [INFO] console - 正在写入第82条数据，共有240条...
[2016-07-10 01:00:56.341] [INFO] console - 正在写入第83条数据，共有240条...
[2016-07-10 01:00:56.420] [INFO] console - 正在写入第84条数据，共有240条...
[2016-07-10 01:00:56.498] [INFO] console - 正在写入第85条数据，共有240条...
[2016-07-10 01:00:56.579] [INFO] console - 正在写入第86条数据，共有240条...
[2016-07-10 01:00:56.656] [INFO] console - 正在写入第87条数据，共有240条...
[2016-07-10 01:00:56.733] [INFO] console - 正在写入第88条数据，共有240条...
[2016-07-10 01:00:56.811] [INFO] console - 正在写入第89条数据，共有240条...
[2016-07-10 01:00:56.888] [INFO] console - 正在写入第90条数据，共有240条...
[2016-07-10 01:00:56.964] [INFO] console - 正在写入第91条数据，共有240条...
[2016-07-10 01:00:57.041] [INFO] console - 正在写入第92条数据，共有240条...
[2016-07-10 01:00:57.118] [INFO] console - 正在写入第93条数据，共有240条...
[2016-07-10 01:00:57.195] [INFO] console - 正在写入第94条数据，共有240条...
[2016-07-10 01:00:57.271] [INFO] console - 正在写入第95条数据，共有240条...
[2016-07-10 01:00:57.348] [INFO] console - 正在写入第96条数据，共有240条...
[2016-07-10 01:00:57.425] [INFO] console - 正在写入第97条数据，共有240条...
[2016-07-10 01:00:57.504] [INFO] console - 正在写入第98条数据，共有240条...
[2016-07-10 01:00:57.582] [INFO] console - 正在写入第99条数据，共有240条...
[2016-07-10 01:00:57.659] [INFO] console - 正在写入第100条数据，共有240条...
[2016-07-10 01:00:57.736] [INFO] console - 正在写入第101条数据，共有240条...
[2016-07-10 01:00:57.812] [INFO] console - 正在写入第102条数据，共有240条...
[2016-07-10 01:00:57.888] [INFO] console - 正在写入第103条数据，共有240条...
[2016-07-10 01:00:57.964] [INFO] console - 正在写入第104条数据，共有240条...
[2016-07-10 01:00:58.042] [INFO] console - 正在写入第105条数据，共有240条...
[2016-07-10 01:00:58.119] [INFO] console - 正在写入第106条数据，共有240条...
[2016-07-10 01:00:58.197] [INFO] console - 正在写入第107条数据，共有240条...
[2016-07-10 01:00:58.274] [INFO] console - 正在写入第108条数据，共有240条...
[2016-07-10 01:00:58.351] [INFO] console - 正在写入第109条数据，共有240条...
[2016-07-10 01:00:58.428] [INFO] console - 正在写入第110条数据，共有240条...
[2016-07-10 01:00:58.509] [INFO] console - 正在写入第111条数据，共有240条...
[2016-07-10 01:00:58.587] [INFO] console - 正在写入第112条数据，共有240条...
[2016-07-10 01:00:58.664] [INFO] console - 正在写入第113条数据，共有240条...
[2016-07-10 01:00:58.742] [INFO] console - 正在写入第114条数据，共有240条...
[2016-07-10 01:00:58.819] [INFO] console - 正在写入第115条数据，共有240条...
[2016-07-10 01:00:58.896] [INFO] console - 正在写入第116条数据，共有240条...
[2016-07-10 01:00:58.973] [INFO] console - 正在写入第117条数据，共有240条...
[2016-07-10 01:00:59.052] [INFO] console - 正在写入第118条数据，共有240条...
[2016-07-10 01:00:59.129] [INFO] console - 正在写入第119条数据，共有240条...
[2016-07-10 01:00:59.206] [INFO] console - 正在写入第120条数据，共有240条...
[2016-07-10 01:00:59.283] [INFO] console - 正在写入第121条数据，共有240条...
[2016-07-10 01:00:59.360] [INFO] console - 正在写入第122条数据，共有240条...
[2016-07-10 01:00:59.436] [INFO] console - 正在写入第123条数据，共有240条...
[2016-07-10 01:00:59.513] [INFO] console - 正在写入第124条数据，共有240条...
[2016-07-10 01:00:59.591] [INFO] console - 正在写入第125条数据，共有240条...
[2016-07-10 01:00:59.669] [INFO] console - 正在写入第126条数据，共有240条...
[2016-07-10 01:00:59.746] [INFO] console - 正在写入第127条数据，共有240条...
[2016-07-10 01:00:59.823] [INFO] console - 正在写入第128条数据，共有240条...
[2016-07-10 01:00:59.902] [INFO] console - 正在写入第129条数据，共有240条...
[2016-07-10 01:00:59.978] [INFO] console - 正在写入第130条数据，共有240条...
[2016-07-10 01:01:00.059] [ERROR] console - Error: ER_BAD_FIELD_ERROR: Unknown column 'NaN' in 'field list'
    at Query.Sequence._packetToError (/var/www/spider/node_modules/mysql/lib/protocol/sequences/Sequence.js:30:14)
    at Query.ErrorPacket (/var/www/spider/node_modules/mysql/lib/protocol/sequences/Query.js:82:18)
    at Protocol._parsePacket (/var/www/spider/node_modules/mysql/lib/protocol/Protocol.js:213:24)
    at Parser.write (/var/www/spider/node_modules/mysql/lib/protocol/Parser.js:62:12)
    at Protocol.write (/var/www/spider/node_modules/mysql/lib/protocol/Protocol.js:37:16)
    at Socket.<anonymous> (/var/www/spider/node_modules/mysql/lib/Connection.js:75:28)
    at Socket.EventEmitter.emit (events.js:95:17)
    at Socket.<anonymous> (_stream_readable.js:746:14)
    at Socket.EventEmitter.emit (events.js:92:17)
    at emitReadable_ (_stream_readable.js:408:10)
    --------------------
    at Pool.query (/var/www/spider/node_modules/mysql/lib/Pool.js:182:23)
    at /var/www/spider/models/tapotiexie.js:59:11
    at /var/www/spider/node_modules/async/lib/async.js:181:20
    at iterate (/var/www/spider/node_modules/async/lib/async.js:262:13)
    at /var/www/spider/node_modules/async/lib/async.js:274:29
    at /var/www/spider/node_modules/async/lib/async.js:44:16
    at Query.<anonymous> (/var/www/spider/models/tapotiexie.js:62:7)
    at Query._callback (/var/www/spider/node_modules/mysql/lib/Pool.js:177:8)
    at Query.Sequence.end (/var/www/spider/node_modules/mysql/lib/protocol/sequences/Sequence.js:78:24)
    at Query._handleFinalResultPacket (/var/www/spider/node_modules/mysql/lib/protocol/sequences/Query.js:143:8)
[2016-07-10 17:43:13.623] [INFO] console - select * from product where (txtCompany like '%皇家加勒比%' and txtCruise like '%海洋量子号%' and txtLine like '上海%' and txtStartDate >= '2016-07-18' and txtStartDate <= '2016-07-18'  and (txtSource = '踏破铁鞋' or txtSource = '携程')) or ( title like '%皇家加勒比%' and title like '%海洋量子号%' and title like '%上海%' and txtStartDate >= '2016-07-18' and txtStartDate <= '2016-07-18'  and (txtSource = '同程' or txtSource = '驴妈妈' or txtSource = '途牛' or txtSource = '众信' or txtSource = '春秋')) and txtStartDate >= '2016-07-10' order by txtStartDate asc
[2016-07-10 17:43:17.097] [INFO] console - http://www.tapotiexie.com/Line/info/id/2046
[2016-07-11 01:00:00.932] [INFO] console - 正在抓取踏破铁鞋的数据...
[2016-07-11 01:00:00.933] [INFO] console - 正在抓取http://www.tapotiexie.com/Line/index/name/yt/p/1.html的数据...
[2016-07-11 01:00:02.834] [INFO] console - 正在抓取http://www.tapotiexie.com/Line/index/name/yt/p/2.html的数据...
[2016-07-11 01:00:04.504] [INFO] console - 正在抓取http://www.tapotiexie.com/Line/index/name/yt/p/3.html的数据...
[2016-07-11 01:00:05.750] [INFO] console - 正在抓取http://www.tapotiexie.com/Line/index/name/yt/p/4.html的数据...
[2016-07-11 01:00:07.520] [INFO] console - 正在抓取http://www.tapotiexie.com/Line/index/name/yt/p/5.html的数据...
[2016-07-11 01:00:08.779] [INFO] console - 正在抓取http://www.tapotiexie.com/Line/index/name/yt/p/6.html的数据...
[2016-07-11 01:00:10.089] [INFO] console - 正在抓取http://www.tapotiexie.com/Line/index/name/yt/p/7.html的数据...
[2016-07-11 01:00:11.490] [INFO] console - 正在抓取http://www.tapotiexie.com/Line/index/name/yt/p/8.html的数据...
[2016-07-11 01:00:12.800] [INFO] console - 正在抓取http://www.tapotiexie.com/Line/index/name/yt/p/9.html的数据...
[2016-07-11 01:00:14.121] [INFO] console - 正在抓取http://www.tapotiexie.com/Line/index/name/yt/p/10.html的数据...
[2016-07-11 01:00:15.568] [INFO] console - 正在抓取http://www.tapotiexie.com/Line/index/name/yt/p/11.html的数据...
[2016-07-11 01:00:16.647] [INFO] console - 正在抓取http://www.tapotiexie.com/Line/index/name/yt/p/12.html的数据...
[2016-07-11 01:00:22.476] [INFO] console - 正在抓取http://www.tapotiexie.com/Line/index/name/yt/p/13.html的数据...
[2016-07-11 01:00:23.782] [INFO] console - 正在抓取http://www.tapotiexie.com/Line/index/name/yt/p/14.html的数据...
[2016-07-11 01:00:24.860] [INFO] console - 正在抓取http://www.tapotiexie.com/Line/index/name/yt/p/15.html的数据...
[2016-07-11 01:00:26.159] [INFO] console - 正在抓取http://www.tapotiexie.com/Line/index/name/yt/p/16.html的数据...
[2016-07-11 01:00:28.020] [INFO] console - 正在抓取http://www.tapotiexie.com/Line/index/name/yt/p/17.html的数据...
[2016-07-11 01:00:29.373] [INFO] console - 正在抓取http://www.tapotiexie.com/Line/index/name/yt/p/18.html的数据...
[2016-07-11 01:00:30.726] [INFO] console - 正在抓取http://www.tapotiexie.com/Line/index/name/yt/p/19.html的数据...
[2016-07-11 01:00:32.043] [INFO] console - 正在抓取http://www.tapotiexie.com/Line/index/name/yt/p/20.html的数据...
[2016-07-11 01:00:33.133] [INFO] console - 正在抓取http://www.tapotiexie.com/Line/index/name/yt/p/21.html的数据...
[2016-07-11 01:00:37.341] [INFO] console - 正在抓取http://www.tapotiexie.com/Line/index/name/yt/p/22.html的数据...
[2016-07-11 01:00:38.663] [INFO] console - 正在抓取http://www.tapotiexie.com/Line/index/name/yt/p/23.html的数据...
[2016-07-11 01:00:40.008] [INFO] console - 正在抓取http://www.tapotiexie.com/Line/index/name/yt/p/24.html的数据...
[2016-07-11 01:00:41.927] [INFO] console - 正在写入第1条数据，共有240条...
[2016-07-11 01:00:42.004] [INFO] console - 正在写入第2条数据，共有240条...
[2016-07-11 01:00:42.078] [INFO] console - 正在写入第3条数据，共有240条...
[2016-07-11 01:00:42.155] [INFO] console - 正在写入第4条数据，共有240条...
[2016-07-11 01:00:42.229] [INFO] console - 正在写入第5条数据，共有240条...
[2016-07-11 01:00:42.306] [INFO] console - 正在写入第6条数据，共有240条...
[2016-07-11 01:00:42.380] [INFO] console - 正在写入第7条数据，共有240条...
[2016-07-11 01:00:42.456] [INFO] console - 正在写入第8条数据，共有240条...
[2016-07-11 01:00:42.530] [INFO] console - 正在写入第9条数据，共有240条...
[2016-07-11 01:00:42.607] [INFO] console - 正在写入第10条数据，共有240条...
[2016-07-11 01:00:42.681] [INFO] console - 正在写入第11条数据，共有240条...
[2016-07-11 01:00:42.757] [INFO] console - 正在写入第12条数据，共有240条...
[2016-07-11 01:00:42.831] [INFO] console - 正在写入第13条数据，共有240条...
[2016-07-11 01:00:42.908] [INFO] console - 正在写入第14条数据，共有240条...
[2016-07-11 01:00:42.981] [INFO] console - 正在写入第15条数据，共有240条...
[2016-07-11 01:00:43.057] [INFO] console - 正在写入第16条数据，共有240条...
[2016-07-11 01:00:43.131] [INFO] console - 正在写入第17条数据，共有240条...
[2016-07-11 01:00:43.208] [INFO] console - 正在写入第18条数据，共有240条...
[2016-07-11 01:00:43.283] [INFO] console - 正在写入第19条数据，共有240条...
[2016-07-11 01:00:43.360] [INFO] console - 正在写入第20条数据，共有240条...
[2016-07-11 01:00:43.434] [INFO] console - 正在写入第21条数据，共有240条...
[2016-07-11 01:00:43.510] [INFO] console - 正在写入第22条数据，共有240条...
[2016-07-11 01:00:43.584] [INFO] console - 正在写入第23条数据，共有240条...
[2016-07-11 01:00:43.661] [INFO] console - 正在写入第24条数据，共有240条...
[2016-07-11 01:00:43.740] [INFO] console - 正在写入第25条数据，共有240条...
[2016-07-11 01:00:43.817] [INFO] console - 正在写入第26条数据，共有240条...
[2016-07-11 01:00:43.892] [INFO] console - 正在写入第27条数据，共有240条...
[2016-07-11 01:00:43.968] [INFO] console - 正在写入第28条数据，共有240条...
[2016-07-11 01:00:44.042] [INFO] console - 正在写入第29条数据，共有240条...
[2016-07-11 01:00:44.119] [INFO] console - 正在写入第30条数据，共有240条...
[2016-07-11 01:00:44.193] [INFO] console - 正在写入第31条数据，共有240条...
[2016-07-11 01:00:44.270] [INFO] console - 正在写入第32条数据，共有240条...
[2016-07-11 01:00:44.344] [INFO] console - 正在写入第33条数据，共有240条...
[2016-07-11 01:00:44.420] [INFO] console - 正在写入第34条数据，共有240条...
[2016-07-11 01:00:44.494] [INFO] console - 正在写入第35条数据，共有240条...
[2016-07-11 01:00:44.571] [INFO] console - 正在写入第36条数据，共有240条...
[2016-07-11 01:00:44.645] [INFO] console - 正在写入第37条数据，共有240条...
[2016-07-11 01:00:44.722] [INFO] console - 正在写入第38条数据，共有240条...
[2016-07-11 01:00:44.796] [INFO] console - 正在写入第39条数据，共有240条...
[2016-07-11 01:00:44.873] [INFO] console - 正在写入第40条数据，共有240条...
[2016-07-11 01:00:44.947] [INFO] console - 正在写入第41条数据，共有240条...
[2016-07-11 01:00:45.026] [INFO] console - 正在写入第42条数据，共有240条...
[2016-07-11 01:00:45.100] [INFO] console - 正在写入第43条数据，共有240条...
[2016-07-11 01:00:45.177] [INFO] console - 正在写入第44条数据，共有240条...
[2016-07-11 01:00:45.251] [INFO] console - 正在写入第45条数据，共有240条...
[2016-07-11 01:00:45.327] [INFO] console - 正在写入第46条数据，共有240条...
[2016-07-11 01:00:45.402] [INFO] console - 正在写入第47条数据，共有240条...
[2016-07-11 01:00:45.480] [INFO] console - 正在写入第48条数据，共有240条...
[2016-07-11 01:00:45.554] [INFO] console - 正在写入第49条数据，共有240条...
[2016-07-11 01:00:45.630] [INFO] console - 正在写入第50条数据，共有240条...
[2016-07-11 01:00:45.705] [INFO] console - 正在写入第51条数据，共有240条...
[2016-07-11 01:00:45.797] [INFO] console - 正在写入第52条数据，共有240条...
[2016-07-11 01:00:45.872] [INFO] console - 正在写入第53条数据，共有240条...
[2016-07-11 01:00:45.949] [INFO] console - 正在写入第54条数据，共有240条...
[2016-07-11 01:00:46.025] [INFO] console - 正在写入第55条数据，共有240条...
[2016-07-11 01:00:46.103] [INFO] console - 正在写入第56条数据，共有240条...
[2016-07-11 01:00:46.179] [INFO] console - 正在写入第57条数据，共有240条...
[2016-07-11 01:00:46.256] [INFO] console - 正在写入第58条数据，共有240条...
[2016-07-11 01:00:46.330] [INFO] console - 正在写入第59条数据，共有240条...
[2016-07-11 01:00:46.407] [INFO] console - 正在写入第60条数据，共有240条...
[2016-07-11 01:00:46.481] [INFO] console - 正在写入第61条数据，共有240条...
[2016-07-11 01:00:46.557] [INFO] console - 正在写入第62条数据，共有240条...
[2016-07-11 01:00:46.632] [INFO] console - 正在写入第63条数据，共有240条...
[2016-07-11 01:00:46.709] [INFO] console - 正在写入第64条数据，共有240条...
[2016-07-11 01:00:46.797] [INFO] console - 正在写入第65条数据，共有240条...
[2016-07-11 01:00:46.874] [INFO] console - 正在写入第66条数据，共有240条...
[2016-07-11 01:00:46.948] [INFO] console - 正在写入第67条数据，共有240条...
[2016-07-11 01:00:47.025] [INFO] console - 正在写入第68条数据，共有240条...
[2016-07-11 01:00:47.100] [INFO] console - 正在写入第69条数据，共有240条...
[2016-07-11 01:00:47.176] [INFO] console - 正在写入第70条数据，共有240条...
[2016-07-11 01:00:47.251] [INFO] console - 正在写入第71条数据，共有240条...
[2016-07-11 01:00:47.328] [INFO] console - 正在写入第72条数据，共有240条...
[2016-07-11 01:00:47.403] [INFO] console - 正在写入第73条数据，共有240条...
[2016-07-11 01:00:47.480] [INFO] console - 正在写入第74条数据，共有240条...
[2016-07-11 01:00:47.554] [INFO] console - 正在写入第75条数据，共有240条...
[2016-07-11 01:00:47.631] [INFO] console - 正在写入第76条数据，共有240条...
[2016-07-11 01:00:47.705] [INFO] console - 正在写入第77条数据，共有240条...
[2016-07-11 01:00:47.783] [INFO] console - 正在写入第78条数据，共有240条...
[2016-07-11 01:00:47.858] [INFO] console - 正在写入第79条数据，共有240条...
[2016-07-11 01:00:47.934] [INFO] console - 正在写入第80条数据，共有240条...
[2016-07-11 01:00:48.009] [INFO] console - 正在写入第81条数据，共有240条...
[2016-07-11 01:00:48.086] [INFO] console - 正在写入第82条数据，共有240条...
[2016-07-11 01:00:48.160] [INFO] console - 正在写入第83条数据，共有240条...
[2016-07-11 01:00:48.236] [INFO] console - 正在写入第84条数据，共有240条...
[2016-07-11 01:00:48.310] [INFO] console - 正在写入第85条数据，共有240条...
[2016-07-11 01:00:48.387] [INFO] console - 正在写入第86条数据，共有240条...
[2016-07-11 01:00:48.461] [INFO] console - 正在写入第87条数据，共有240条...
[2016-07-11 01:00:48.538] [INFO] console - 正在写入第88条数据，共有240条...
[2016-07-11 01:00:48.613] [INFO] console - 正在写入第89条数据，共有240条...
[2016-07-11 01:00:48.689] [INFO] console - 正在写入第90条数据，共有240条...
[2016-07-11 01:00:48.763] [INFO] console - 正在写入第91条数据，共有240条...
[2016-07-11 01:00:48.840] [INFO] console - 正在写入第92条数据，共有240条...
[2016-07-11 01:00:48.914] [INFO] console - 正在写入第93条数据，共有240条...
[2016-07-11 01:00:48.990] [INFO] console - 正在写入第94条数据，共有240条...
[2016-07-11 01:00:49.069] [INFO] console - 正在写入第95条数据，共有240条...
[2016-07-11 01:00:49.146] [INFO] console - 正在写入第96条数据，共有240条...
[2016-07-11 01:00:49.220] [INFO] console - 正在写入第97条数据，共有240条...
[2016-07-11 01:00:49.297] [INFO] console - 正在写入第98条数据，共有240条...
[2016-07-11 01:00:49.371] [INFO] console - 正在写入第99条数据，共有240条...
[2016-07-11 01:00:49.448] [INFO] console - 正在写入第100条数据，共有240条...
[2016-07-11 01:00:49.523] [INFO] console - 正在写入第101条数据，共有240条...
[2016-07-11 01:00:49.600] [INFO] console - 正在写入第102条数据，共有240条...
[2016-07-11 01:00:49.677] [INFO] console - 正在写入第103条数据，共有240条...
[2016-07-11 01:00:49.754] [INFO] console - 正在写入第104条数据，共有240条...
[2016-07-11 01:00:49.828] [INFO] console - 正在写入第105条数据，共有240条...
[2016-07-11 01:00:49.905] [INFO] console - 正在写入第106条数据，共有240条...
[2016-07-11 01:00:49.979] [INFO] console - 正在写入第107条数据，共有240条...
[2016-07-11 01:00:50.055] [INFO] console - 正在写入第108条数据，共有240条...
[2016-07-11 01:00:50.129] [INFO] console - 正在写入第109条数据，共有240条...
[2016-07-11 01:00:50.206] [INFO] console - 正在写入第110条数据，共有240条...
[2016-07-11 01:00:50.281] [INFO] console - 正在写入第111条数据，共有240条...
[2016-07-11 01:00:50.366] [INFO] console - 正在写入第112条数据，共有240条...
[2016-07-11 01:00:50.440] [INFO] console - 正在写入第113条数据，共有240条...
[2016-07-11 01:00:50.517] [INFO] console - 正在写入第114条数据，共有240条...
[2016-07-11 01:00:50.592] [INFO] console - 正在写入第115条数据，共有240条...
[2016-07-11 01:00:50.668] [INFO] console - 正在写入第116条数据，共有240条...
[2016-07-11 01:00:50.742] [INFO] console - 正在写入第117条数据，共有240条...
[2016-07-11 01:00:50.818] [INFO] console - 正在写入第118条数据，共有240条...
[2016-07-11 01:00:50.893] [INFO] console - 正在写入第119条数据，共有240条...
[2016-07-11 01:00:50.970] [INFO] console - 正在写入第120条数据，共有240条...
[2016-07-11 01:00:51.044] [INFO] console - 正在写入第121条数据，共有240条...
[2016-07-11 01:00:51.121] [INFO] console - 正在写入第122条数据，共有240条...
[2016-07-11 01:00:51.195] [INFO] console - 正在写入第123条数据，共有240条...
[2016-07-11 01:00:51.273] [INFO] console - 正在写入第124条数据，共有240条...
[2016-07-11 01:00:51.349] [ERROR] console - Error: ER_BAD_FIELD_ERROR: Unknown column 'NaN' in 'field list'
    at Query.Sequence._packetToError (/var/www/spider/node_modules/mysql/lib/protocol/sequences/Sequence.js:30:14)
    at Query.ErrorPacket (/var/www/spider/node_modules/mysql/lib/protocol/sequences/Query.js:82:18)
    at Protocol._parsePacket (/var/www/spider/node_modules/mysql/lib/protocol/Protocol.js:213:24)
    at Parser.write (/var/www/spider/node_modules/mysql/lib/protocol/Parser.js:62:12)
    at Protocol.write (/var/www/spider/node_modules/mysql/lib/protocol/Protocol.js:37:16)
    at Socket.<anonymous> (/var/www/spider/node_modules/mysql/lib/Connection.js:75:28)
    at Socket.EventEmitter.emit (events.js:95:17)
    at Socket.<anonymous> (_stream_readable.js:746:14)
    at Socket.EventEmitter.emit (events.js:92:17)
    at emitReadable_ (_stream_readable.js:408:10)
    --------------------
    at Pool.query (/var/www/spider/node_modules/mysql/lib/Pool.js:182:23)
    at /var/www/spider/models/tapotiexie.js:59:11
    at /var/www/spider/node_modules/async/lib/async.js:181:20
    at iterate (/var/www/spider/node_modules/async/lib/async.js:262:13)
    at /var/www/spider/node_modules/async/lib/async.js:274:29
    at /var/www/spider/node_modules/async/lib/async.js:44:16
    at Query.<anonymous> (/var/www/spider/models/tapotiexie.js:62:7)
    at Query._callback (/var/www/spider/node_modules/mysql/lib/Pool.js:177:8)
    at Query.Sequence.end (/var/www/spider/node_modules/mysql/lib/protocol/sequences/Sequence.js:78:24)
    at Query._handleFinalResultPacket (/var/www/spider/node_modules/mysql/lib/protocol/sequences/Query.js:143:8)
[2016-07-12 01:00:01.021] [INFO] console - 正在抓取踏破铁鞋的数据...
[2016-07-12 01:00:01.021] [INFO] console - 正在抓取http://www.tapotiexie.com/Line/index/name/yt/p/1.html的数据...
[2016-07-12 01:00:02.559] [INFO] console - 正在抓取http://www.tapotiexie.com/Line/index/name/yt/p/2.html的数据...
[2016-07-12 01:00:03.741] [INFO] console - 正在抓取http://www.tapotiexie.com/Line/index/name/yt/p/3.html的数据...
[2016-07-12 01:00:05.371] [INFO] console - 正在抓取http://www.tapotiexie.com/Line/index/name/yt/p/4.html的数据...
[2016-07-12 01:00:06.839] [INFO] console - 正在抓取http://www.tapotiexie.com/Line/index/name/yt/p/5.html的数据...
[2016-07-12 01:00:08.820] [INFO] console - 正在抓取http://www.tapotiexie.com/Line/index/name/yt/p/6.html的数据...
[2016-07-12 01:00:12.203] [INFO] console - 正在抓取http://www.tapotiexie.com/Line/index/name/yt/p/7.html的数据...
[2016-07-12 01:00:13.559] [INFO] console - 正在抓取http://www.tapotiexie.com/Line/index/name/yt/p/8.html的数据...
[2016-07-12 01:00:14.880] [INFO] console - 正在抓取http://www.tapotiexie.com/Line/index/name/yt/p/9.html的数据...
[2016-07-12 01:00:17.197] [INFO] console - 正在抓取http://www.tapotiexie.com/Line/index/name/yt/p/10.html的数据...
[2016-07-12 01:00:18.483] [INFO] console - 正在抓取http://www.tapotiexie.com/Line/index/name/yt/p/11.html的数据...
[2016-07-12 01:00:23.179] [INFO] console - 正在抓取http://www.tapotiexie.com/Line/index/name/yt/p/12.html的数据...
[2016-07-12 01:00:24.521] [INFO] console - 正在抓取http://www.tapotiexie.com/Line/index/name/yt/p/13.html的数据...
[2016-07-12 01:00:25.812] [INFO] console - 正在抓取http://www.tapotiexie.com/Line/index/name/yt/p/14.html的数据...
[2016-07-12 01:00:29.085] [INFO] console - 正在抓取http://www.tapotiexie.com/Line/index/name/yt/p/15.html的数据...
[2016-07-12 01:00:30.403] [INFO] console - 正在抓取http://www.tapotiexie.com/Line/index/name/yt/p/16.html的数据...
[2016-07-12 01:00:31.729] [INFO] console - 正在抓取http://www.tapotiexie.com/Line/index/name/yt/p/17.html的数据...
[2016-07-12 01:00:33.152] [INFO] console - 正在抓取http://www.tapotiexie.com/Line/index/name/yt/p/18.html的数据...
[2016-07-12 01:00:34.400] [INFO] console - 正在抓取http://www.tapotiexie.com/Line/index/name/yt/p/19.html的数据...
[2016-07-12 01:00:35.705] [INFO] console - 正在抓取http://www.tapotiexie.com/Line/index/name/yt/p/20.html的数据...
[2016-07-12 01:00:55.832] [INFO] console - 正在抓取http://www.tapotiexie.com/Line/index/name/yt/p/21.html的数据...
[2016-07-12 01:00:57.310] [INFO] console - 正在抓取http://www.tapotiexie.com/Line/index/name/yt/p/22.html的数据...
[2016-07-12 01:00:58.612] [INFO] console - 正在抓取http://www.tapotiexie.com/Line/index/name/yt/p/23.html的数据...
[2016-07-12 01:00:59.972] [INFO] console - 正在抓取http://www.tapotiexie.com/Line/index/name/yt/p/24.html的数据...
[2016-07-12 01:01:01.266] [INFO] console - 正在写入第1条数据，共有240条...
[2016-07-12 01:01:01.345] [INFO] console - 正在写入第2条数据，共有240条...
[2016-07-12 01:01:01.423] [INFO] console - 正在写入第3条数据，共有240条...
[2016-07-12 01:01:01.501] [INFO] console - 正在写入第4条数据，共有240条...
[2016-07-12 01:01:01.579] [INFO] console - 正在写入第5条数据，共有240条...
[2016-07-12 01:01:01.658] [INFO] console - 正在写入第6条数据，共有240条...
[2016-07-12 01:01:01.736] [INFO] console - 正在写入第7条数据，共有240条...
[2016-07-12 01:01:01.814] [INFO] console - 正在写入第8条数据，共有240条...
[2016-07-12 01:01:01.893] [INFO] console - 正在写入第9条数据，共有240条...
[2016-07-12 01:01:01.971] [INFO] console - 正在写入第10条数据，共有240条...
[2016-07-12 01:01:02.049] [INFO] console - 正在写入第11条数据，共有240条...
[2016-07-12 01:01:02.127] [INFO] console - 正在写入第12条数据，共有240条...
[2016-07-12 01:01:02.207] [INFO] console - 正在写入第13条数据，共有240条...
[2016-07-12 01:01:02.285] [INFO] console - 正在写入第14条数据，共有240条...
[2016-07-12 01:01:02.363] [INFO] console - 正在写入第15条数据，共有240条...
[2016-07-12 01:01:02.442] [INFO] console - 正在写入第16条数据，共有240条...
[2016-07-12 01:01:02.520] [INFO] console - 正在写入第17条数据，共有240条...
[2016-07-12 01:01:02.598] [INFO] console - 正在写入第18条数据，共有240条...
[2016-07-12 01:01:02.677] [INFO] console - 正在写入第19条数据，共有240条...
[2016-07-12 01:01:02.756] [INFO] console - 正在写入第20条数据，共有240条...
[2016-07-12 01:01:02.839] [INFO] console - 正在写入第21条数据，共有240条...
[2016-07-12 01:01:02.917] [INFO] console - 正在写入第22条数据，共有240条...
[2016-07-12 01:01:02.996] [INFO] console - 正在写入第23条数据，共有240条...
[2016-07-12 01:01:03.074] [INFO] console - 正在写入第24条数据，共有240条...
[2016-07-12 01:01:03.152] [INFO] console - 正在写入第25条数据，共有240条...
[2016-07-12 01:01:03.232] [INFO] console - 正在写入第26条数据，共有240条...
[2016-07-12 01:01:03.311] [INFO] console - 正在写入第27条数据，共有240条...
[2016-07-12 01:01:03.389] [INFO] console - 正在写入第28条数据，共有240条...
[2016-07-12 01:01:03.467] [INFO] console - 正在写入第29条数据，共有240条...
[2016-07-12 01:01:03.546] [INFO] console - 正在写入第30条数据，共有240条...
[2016-07-12 01:01:03.625] [INFO] console - 正在写入第31条数据，共有240条...
[2016-07-12 01:01:03.703] [INFO] console - 正在写入第32条数据，共有240条...
[2016-07-12 01:01:03.781] [INFO] console - 正在写入第33条数据，共有240条...
[2016-07-12 01:01:03.859] [INFO] console - 正在写入第34条数据，共有240条...
[2016-07-12 01:01:03.938] [INFO] console - 正在写入第35条数据，共有240条...
[2016-07-12 01:01:04.017] [INFO] console - 正在写入第36条数据，共有240条...
[2016-07-12 01:01:04.095] [INFO] console - 正在写入第37条数据，共有240条...
[2016-07-12 01:01:04.173] [INFO] console - 正在写入第38条数据，共有240条...
[2016-07-12 01:01:04.252] [INFO] console - 正在写入第39条数据，共有240条...
[2016-07-12 01:01:04.331] [INFO] console - 正在写入第40条数据，共有240条...
[2016-07-12 01:01:04.409] [INFO] console - 正在写入第41条数据，共有240条...
[2016-07-12 01:01:04.487] [INFO] console - 正在写入第42条数据，共有240条...
[2016-07-12 01:01:04.567] [INFO] console - 正在写入第43条数据，共有240条...
[2016-07-12 01:01:04.645] [INFO] console - 正在写入第44条数据，共有240条...
[2016-07-12 01:01:04.724] [INFO] console - 正在写入第45条数据，共有240条...
[2016-07-12 01:01:04.802] [INFO] console - 正在写入第46条数据，共有240条...
[2016-07-12 01:01:04.882] [INFO] console - 正在写入第47条数据，共有240条...
[2016-07-12 01:01:04.961] [INFO] console - 正在写入第48条数据，共有240条...
[2016-07-12 01:01:05.040] [INFO] console - 正在写入第49条数据，共有240条...
[2016-07-12 01:01:05.118] [INFO] console - 正在写入第50条数据，共有240条...
[2016-07-12 01:01:05.195] [INFO] console - 正在写入第51条数据，共有240条...
[2016-07-12 01:01:05.273] [INFO] console - 正在写入第52条数据，共有240条...
[2016-07-12 01:01:05.351] [INFO] console - 正在写入第53条数据，共有240条...
[2016-07-12 01:01:05.430] [INFO] console - 正在写入第54条数据，共有240条...
[2016-07-12 01:01:05.508] [INFO] console - 正在写入第55条数据，共有240条...
[2016-07-12 01:01:05.586] [INFO] console - 正在写入第56条数据，共有240条...
[2016-07-12 01:01:05.664] [INFO] console - 正在写入第57条数据，共有240条...
[2016-07-12 01:01:05.742] [INFO] console - 正在写入第58条数据，共有240条...
[2016-07-12 01:01:05.822] [INFO] console - 正在写入第59条数据，共有240条...
[2016-07-12 01:01:05.900] [INFO] console - 正在写入第60条数据，共有240条...
[2016-07-12 01:01:05.979] [INFO] console - 正在写入第61条数据，共有240条...
[2016-07-12 01:01:06.057] [INFO] console - 正在写入第62条数据，共有240条...
[2016-07-12 01:01:06.135] [INFO] console - 正在写入第63条数据，共有240条...
[2016-07-12 01:01:06.214] [INFO] console - 正在写入第64条数据，共有240条...
[2016-07-12 01:01:06.292] [INFO] console - 正在写入第65条数据，共有240条...
[2016-07-12 01:01:06.371] [INFO] console - 正在写入第66条数据，共有240条...
[2016-07-12 01:01:06.451] [INFO] console - 正在写入第67条数据，共有240条...
[2016-07-12 01:01:06.530] [INFO] console - 正在写入第68条数据，共有240条...
[2016-07-12 01:01:06.608] [INFO] console - 正在写入第69条数据，共有240条...
[2016-07-12 01:01:06.687] [INFO] console - 正在写入第70条数据，共有240条...
[2016-07-12 01:01:06.765] [INFO] console - 正在写入第71条数据，共有240条...
[2016-07-12 01:01:06.848] [INFO] console - 正在写入第72条数据，共有240条...
[2016-07-12 01:01:06.927] [INFO] console - 正在写入第73条数据，共有240条...
[2016-07-12 01:01:07.006] [INFO] console - 正在写入第74条数据，共有240条...
[2016-07-12 01:01:07.085] [INFO] console - 正在写入第75条数据，共有240条...
[2016-07-12 01:01:07.163] [INFO] console - 正在写入第76条数据，共有240条...
[2016-07-12 01:01:07.241] [INFO] console - 正在写入第77条数据，共有240条...
[2016-07-12 01:01:07.322] [INFO] console - 正在写入第78条数据，共有240条...
[2016-07-12 01:01:07.400] [INFO] console - 正在写入第79条数据，共有240条...
[2016-07-12 01:01:07.479] [INFO] console - 正在写入第80条数据，共有240条...
[2016-07-12 01:01:07.557] [INFO] console - 正在写入第81条数据，共有240条...
[2016-07-12 01:01:07.635] [INFO] console - 正在写入第82条数据，共有240条...
[2016-07-12 01:01:07.713] [INFO] console - 正在写入第83条数据，共有240条...
[2016-07-12 01:01:07.792] [INFO] console - 正在写入第84条数据，共有240条...
[2016-07-12 01:01:07.870] [INFO] console - 正在写入第85条数据，共有240条...
[2016-07-12 01:01:07.948] [INFO] console - 正在写入第86条数据，共有240条...
[2016-07-12 01:01:08.025] [INFO] console - 正在写入第87条数据，共有240条...
[2016-07-12 01:01:08.107] [INFO] console - 正在写入第88条数据，共有240条...
[2016-07-12 01:01:08.186] [INFO] console - 正在写入第89条数据，共有240条...
[2016-07-12 01:01:08.264] [INFO] console - 正在写入第90条数据，共有240条...
[2016-07-12 01:01:08.343] [INFO] console - 正在写入第91条数据，共有240条...
[2016-07-12 01:01:08.421] [INFO] console - 正在写入第92条数据，共有240条...
[2016-07-12 01:01:08.498] [INFO] console - 正在写入第93条数据，共有240条...
[2016-07-12 01:01:08.576] [INFO] console - 正在写入第94条数据，共有240条...
[2016-07-12 01:01:08.654] [INFO] console - 正在写入第95条数据，共有240条...
[2016-07-12 01:01:08.732] [INFO] console - 正在写入第96条数据，共有240条...
[2016-07-12 01:01:08.810] [INFO] console - 正在写入第97条数据，共有240条...
[2016-07-12 01:01:08.888] [INFO] console - 正在写入第98条数据，共有240条...
[2016-07-12 01:01:08.966] [INFO] console - 正在写入第99条数据，共有240条...
[2016-07-12 01:01:09.048] [INFO] console - 正在写入第100条数据，共有240条...
[2016-07-12 01:01:09.127] [INFO] console - 正在写入第101条数据，共有240条...
[2016-07-12 01:01:09.205] [INFO] console - 正在写入第102条数据，共有240条...
[2016-07-12 01:01:09.284] [INFO] console - 正在写入第103条数据，共有240条...
[2016-07-12 01:01:09.362] [INFO] console - 正在写入第104条数据，共有240条...
[2016-07-12 01:01:09.441] [INFO] console - 正在写入第105条数据，共有240条...
[2016-07-12 01:01:09.519] [INFO] console - 正在写入第106条数据，共有240条...
[2016-07-12 01:01:09.597] [INFO] console - 正在写入第107条数据，共有240条...
[2016-07-12 01:01:09.675] [INFO] console - 正在写入第108条数据，共有240条...
[2016-07-12 01:01:09.756] [INFO] console - 正在写入第109条数据，共有240条...
[2016-07-12 01:01:09.835] [INFO] console - 正在写入第110条数据，共有240条...
[2016-07-12 01:01:09.913] [INFO] console - 正在写入第111条数据，共有240条...
[2016-07-12 01:01:09.991] [INFO] console - 正在写入第112条数据，共有240条...
[2016-07-12 01:01:10.071] [INFO] console - 正在写入第113条数据，共有240条...
[2016-07-12 01:01:10.149] [INFO] console - 正在写入第114条数据，共有240条...
[2016-07-12 01:01:10.228] [INFO] console - 正在写入第115条数据，共有240条...
[2016-07-12 01:01:10.306] [INFO] console - 正在写入第116条数据，共有240条...
[2016-07-12 01:01:10.384] [INFO] console - 正在写入第117条数据，共有240条...
[2016-07-12 01:01:10.463] [INFO] console - 正在写入第118条数据，共有240条...
[2016-07-12 01:01:10.541] [INFO] console - 正在写入第119条数据，共有240条...
[2016-07-12 01:01:10.622] [ERROR] console - Error: ER_BAD_FIELD_ERROR: Unknown column 'NaN' in 'field list'
    at Query.Sequence._packetToError (/var/www/spider/node_modules/mysql/lib/protocol/sequences/Sequence.js:30:14)
    at Query.ErrorPacket (/var/www/spider/node_modules/mysql/lib/protocol/sequences/Query.js:82:18)
    at Protocol._parsePacket (/var/www/spider/node_modules/mysql/lib/protocol/Protocol.js:213:24)
    at Parser.write (/var/www/spider/node_modules/mysql/lib/protocol/Parser.js:62:12)
    at Protocol.write (/var/www/spider/node_modules/mysql/lib/protocol/Protocol.js:37:16)
    at Socket.<anonymous> (/var/www/spider/node_modules/mysql/lib/Connection.js:75:28)
    at Socket.EventEmitter.emit (events.js:95:17)
    at Socket.<anonymous> (_stream_readable.js:746:14)
    at Socket.EventEmitter.emit (events.js:92:17)
    at emitReadable_ (_stream_readable.js:408:10)
    --------------------
    at Pool.query (/var/www/spider/node_modules/mysql/lib/Pool.js:182:23)
    at /var/www/spider/models/tapotiexie.js:59:11
    at /var/www/spider/node_modules/async/lib/async.js:181:20
    at iterate (/var/www/spider/node_modules/async/lib/async.js:262:13)
    at /var/www/spider/node_modules/async/lib/async.js:274:29
    at /var/www/spider/node_modules/async/lib/async.js:44:16
    at Query.<anonymous> (/var/www/spider/models/tapotiexie.js:62:7)
    at Query._callback (/var/www/spider/node_modules/mysql/lib/Pool.js:177:8)
    at Query.Sequence.end (/var/www/spider/node_modules/mysql/lib/protocol/sequences/Sequence.js:78:24)
    at Query._handleFinalResultPacket (/var/www/spider/node_modules/mysql/lib/protocol/sequences/Query.js:143:8)
[2016-07-12 12:09:14.007] [INFO] console - select * from product where (txtLine like '上海%' and txtStartDate >= '2016-07-24' and txtStartDate <= '2016-07-24'  and (txtSource = '踏破铁鞋' or txtSource = '携程')) or ( title like '%上海%' and txtStartDate >= '2016-07-24' and txtStartDate <= '2016-07-24'  and (txtSource = '同程' or txtSource = '驴妈妈' or txtSource = '途牛' or txtSource = '众信' or txtSource = '春秋')) and txtStartDate >= '2016-07-12' order by txtStartDate asc
[2016-07-12 12:13:48.990] [INFO] console - select * from product where (txtCompany like '%天海%'  and (txtSource = '踏破铁鞋' or txtSource = '携程')) or ( title like '%天海%'  and (txtSource = '同程' or txtSource = '驴妈妈' or txtSource = '途牛' or txtSource = '众信' or txtSource = '春秋')) and txtStartDate >= '2016-07-12' order by txtStartDate asc
